<?xml version="1.0" encoding="UTF-8"?>
<testng-results ignored="0" total="1" passed="1" failed="0" skipped="0">
  <reporter-output>
  </reporter-output>
  <suite started-at="2024-02-20T14:52:18 IST" name="Default suite" finished-at="2024-02-20T14:52:21 IST" duration-ms="2595">
    <groups>
    </groups>
    <test started-at="2024-02-20T14:52:18 IST" name="Default test" finished-at="2024-02-20T14:52:21 IST" duration-ms="2595">
      <class name="reqResSpecBuilder.ReqAndResSpecBuilders">
        <test-method signature="resResSpecBuilder()[pri:0, instance:reqResSpecBuilder.ReqAndResSpecBuilders@e15b7e8]" started-at="2024-02-20T14:52:18 IST" name="resResSpecBuilder" finished-at="2024-02-20T14:52:21 IST" duration-ms="2555" status="PASS">
          <reporter-output>
          </reporter-output>
        </test-method> <!-- resResSpecBuilder -->
      </class> <!-- reqResSpecBuilder.ReqAndResSpecBuilders -->
    </test> <!-- Default test -->
  </suite> <!-- Default suite -->
</testng-results>
